16:56:58.842 [ApplicationImpl pooled thread 12] INFO  c.b.l.BrowserStackRunExtension - maven
16:56:58.844 [ApplicationImpl pooled thread 12] INFO  com.browserstack.utils.Helpers - null
16:58:51.582 [ApplicationImpl pooled thread 16] INFO  c.b.l.BrowserStackRunExtension - application
16:58:51.582 [ApplicationImpl pooled thread 16] INFO  com.browserstack.utils.Helpers - null
20:15:33.975 [ApplicationImpl pooled thread 21] INFO  c.b.l.BrowserStackRunExtension - testng
20:15:33.977 [ApplicationImpl pooled thread 21] INFO  com.browserstack.utils.Helpers - null
20:15:33.978 [ApplicationImpl pooled thread 21] INFO  c.b.l.BrowserStackRunExtension - Agent path: null
20:15:57.136 [ApplicationImpl pooled thread 34] INFO  c.b.l.BrowserStackRunExtension - testng
20:15:57.136 [ApplicationImpl pooled thread 34] INFO  com.browserstack.utils.Helpers - null
20:15:57.136 [ApplicationImpl pooled thread 34] INFO  c.b.l.BrowserStackRunExtension - Agent path: null
20:22:02.207 [ApplicationImpl pooled thread 38] INFO  c.b.l.BrowserStackRunExtension - testng
20:22:02.207 [ApplicationImpl pooled thread 38] INFO  com.browserstack.utils.Helpers - null
20:22:02.208 [ApplicationImpl pooled thread 38] INFO  c.b.l.BrowserStackRunExtension - Agent path: null
20:35:44.708 [ApplicationImpl pooled thread 15] INFO  c.b.l.BrowserStackRunExtension - testng
20:35:44.708 [ApplicationImpl pooled thread 15] INFO  com.browserstack.utils.Helpers - null
20:35:44.708 [ApplicationImpl pooled thread 15] INFO  c.b.l.BrowserStackRunExtension - Agent path: null
20:49:54.789 [ApplicationImpl pooled thread 37] INFO  c.b.l.BrowserStackRunExtension - testng
20:49:54.789 [ApplicationImpl pooled thread 37] INFO  com.browserstack.utils.Helpers - null
20:49:54.789 [ApplicationImpl pooled thread 37] INFO  c.b.l.BrowserStackRunExtension - Agent path: null
20:50:28.906 [ApplicationImpl pooled thread 36] INFO  c.b.l.BrowserStackRunExtension - testng
20:50:28.906 [ApplicationImpl pooled thread 36] INFO  com.browserstack.utils.Helpers - null
20:50:28.906 [ApplicationImpl pooled thread 36] INFO  c.b.l.BrowserStackRunExtension - Agent path: null
20:51:50.875 [ApplicationImpl pooled thread 37] INFO  c.b.l.BrowserStackRunExtension - testng
20:51:50.875 [ApplicationImpl pooled thread 37] INFO  com.browserstack.utils.Helpers - null
20:51:50.875 [ApplicationImpl pooled thread 37] INFO  c.b.l.BrowserStackRunExtension - Agent path: null
21:28:48.171 [ApplicationImpl pooled thread 14] INFO  c.b.l.BrowserStackRunExtension - testng
21:28:48.171 [ApplicationImpl pooled thread 14] INFO  com.browserstack.utils.Helpers - null
21:28:48.176 [ApplicationImpl pooled thread 14] INFO  c.b.l.BrowserStackRunExtension - Agent path: null
21:31:29.745 [ApplicationImpl pooled thread 12] INFO  c.b.l.BrowserStackRunExtension - testng
21:31:29.745 [ApplicationImpl pooled thread 12] INFO  com.browserstack.utils.Helpers - null
21:31:29.750 [ApplicationImpl pooled thread 12] INFO  c.b.l.BrowserStackRunExtension - Agent path: null
21:33:15.634 [ApplicationImpl pooled thread 30] INFO  c.b.l.BrowserStackRunExtension - testng
21:33:15.634 [ApplicationImpl pooled thread 30] INFO  com.browserstack.utils.Helpers - null
21:33:15.634 [ApplicationImpl pooled thread 30] INFO  c.b.l.BrowserStackRunExtension - Agent path: null
21:46:41.595 [AWT-EventQueue-0] INFO  c.b.actions.EnableBrowserStack - Setting enable browserstack run update
21:46:41.611 [AWT-EventQueue-0] INFO  c.b.actions.DisableBrowserStack - Setting disable browserstack run update
22:19:28.171 [ApplicationImpl pooled thread 28] INFO  c.b.l.BrowserStackRunExtension - testng
22:19:28.173 [ApplicationImpl pooled thread 28] INFO  com.browserstack.utils.Helpers - null
22:19:28.173 [ApplicationImpl pooled thread 28] INFO  c.b.l.BrowserStackRunExtension - Agent path: null
22:39:44.527 [ApplicationImpl pooled thread 37] INFO  c.b.l.BrowserStackRunExtension - testng
22:39:44.527 [ApplicationImpl pooled thread 37] INFO  com.browserstack.utils.Helpers - null
22:39:44.528 [ApplicationImpl pooled thread 37] INFO  c.b.l.BrowserStackRunExtension - Agent path: null
22:40:05.065 [ApplicationImpl pooled thread 37] INFO  c.b.l.BrowserStackRunExtension - testng
22:40:05.065 [ApplicationImpl pooled thread 37] INFO  com.browserstack.utils.Helpers - null
22:40:05.066 [ApplicationImpl pooled thread 37] INFO  c.b.l.BrowserStackRunExtension - Agent path: null
22:40:23.479 [ApplicationImpl pooled thread 44] INFO  c.b.l.BrowserStackRunExtension - testng
22:40:23.479 [ApplicationImpl pooled thread 44] INFO  com.browserstack.utils.Helpers - null
22:40:23.479 [ApplicationImpl pooled thread 44] INFO  c.b.l.BrowserStackRunExtension - Agent path: null
22:40:38.488 [ApplicationImpl pooled thread 40] INFO  c.b.l.BrowserStackRunExtension - testng
22:40:38.488 [ApplicationImpl pooled thread 40] INFO  com.browserstack.utils.Helpers - null
22:40:38.490 [ApplicationImpl pooled thread 40] INFO  c.b.l.BrowserStackRunExtension - Agent path: null
22:41:23.635 [ApplicationImpl pooled thread 44] INFO  c.b.l.BrowserStackRunExtension - testng
22:41:23.635 [ApplicationImpl pooled thread 44] INFO  com.browserstack.utils.Helpers - null
22:41:23.635 [ApplicationImpl pooled thread 44] INFO  c.b.l.BrowserStackRunExtension - Agent path: null
22:47:29.745 [ApplicationImpl pooled thread 47] INFO  c.b.l.BrowserStackRunExtension - testng
22:47:29.745 [ApplicationImpl pooled thread 47] INFO  com.browserstack.utils.Helpers - null
22:47:29.746 [ApplicationImpl pooled thread 47] INFO  c.b.l.BrowserStackRunExtension - Agent path: null
23:12:37.536 [ApplicationImpl pooled thread 40] INFO  c.b.l.BrowserStackRunExtension - testng
23:12:37.536 [ApplicationImpl pooled thread 40] INFO  com.browserstack.utils.Helpers - null
23:12:37.536 [ApplicationImpl pooled thread 40] INFO  c.b.l.BrowserStackRunExtension - Agent path: null
23:24:41.593 [ApplicationImpl pooled thread 58] INFO  c.b.l.BrowserStackRunExtension - testng
23:24:41.593 [ApplicationImpl pooled thread 58] INFO  com.browserstack.utils.Helpers - null
23:24:41.593 [ApplicationImpl pooled thread 58] INFO  c.b.l.BrowserStackRunExtension - Agent path: null
23:24:56.748 [ApplicationImpl pooled thread 58] INFO  c.b.l.BrowserStackRunExtension - testng
23:24:56.748 [ApplicationImpl pooled thread 58] INFO  com.browserstack.utils.Helpers - null
23:24:56.749 [ApplicationImpl pooled thread 58] INFO  c.b.l.BrowserStackRunExtension - Agent path: null
23:26:51.074 [ApplicationImpl pooled thread 78] INFO  c.b.l.BrowserStackRunExtension - testng
23:26:51.074 [ApplicationImpl pooled thread 78] INFO  com.browserstack.utils.Helpers - null
23:26:51.074 [ApplicationImpl pooled thread 78] INFO  c.b.l.BrowserStackRunExtension - Agent path: null
23:30:23.215 [ApplicationImpl pooled thread 73] INFO  c.b.l.BrowserStackRunExtension - testng
23:30:23.216 [ApplicationImpl pooled thread 73] INFO  com.browserstack.utils.Helpers - null
23:30:23.216 [ApplicationImpl pooled thread 73] INFO  c.b.l.BrowserStackRunExtension - Agent path: null
23:31:30.121 [ApplicationImpl pooled thread 78] INFO  c.b.l.BrowserStackRunExtension - testng
23:31:30.121 [ApplicationImpl pooled thread 78] INFO  com.browserstack.utils.Helpers - null
23:31:30.121 [ApplicationImpl pooled thread 78] INFO  c.b.l.BrowserStackRunExtension - Agent path: null
11:08:43.448 [ApplicationImpl pooled thread 32] INFO  c.b.l.BrowserStackRunExtension - testng
11:08:43.448 [ApplicationImpl pooled thread 32] INFO  com.browserstack.utils.Helpers - null
11:08:43.448 [ApplicationImpl pooled thread 32] INFO  c.b.l.BrowserStackRunExtension - Agent path: null
11:09:46.286 [ApplicationImpl pooled thread 28] INFO  c.b.l.BrowserStackRunExtension - testng
11:09:46.286 [ApplicationImpl pooled thread 28] INFO  com.browserstack.utils.Helpers - null
11:09:46.286 [ApplicationImpl pooled thread 28] INFO  c.b.l.BrowserStackRunExtension - Agent path: null
11:25:12.088 [ApplicationImpl pooled thread 45] INFO  c.b.l.BrowserStackRunExtension - testng
11:25:12.088 [ApplicationImpl pooled thread 45] INFO  com.browserstack.utils.Helpers - null
11:25:12.088 [ApplicationImpl pooled thread 45] INFO  c.b.l.BrowserStackRunExtension - Agent path: null
11:25:35.722 [ApplicationImpl pooled thread 42] INFO  c.b.l.BrowserStackRunExtension - testng
11:25:35.722 [ApplicationImpl pooled thread 42] INFO  com.browserstack.utils.Helpers - null
11:25:35.730 [ApplicationImpl pooled thread 42] INFO  c.b.l.BrowserStackRunExtension - Agent path: null
11:45:13.555 [ApplicationImpl pooled thread 55] INFO  c.b.l.BrowserStackRunExtension - testng
11:45:13.556 [ApplicationImpl pooled thread 55] INFO  com.browserstack.utils.Helpers - null
11:45:13.556 [ApplicationImpl pooled thread 55] INFO  c.b.l.BrowserStackRunExtension - Agent path: null
21:53:40.082 [ApplicationImpl pooled thread 1] INFO  c.b.l.BrowserStackRunExtension - testng
21:53:40.082 [ApplicationImpl pooled thread 1] INFO  com.browserstack.utils.Helpers - null
21:53:40.082 [ApplicationImpl pooled thread 1] INFO  c.b.l.BrowserStackRunExtension - Agent path: null
21:54:01.615 [ApplicationImpl pooled thread 7] INFO  c.b.l.BrowserStackRunExtension - testng
21:54:01.615 [ApplicationImpl pooled thread 7] INFO  com.browserstack.utils.Helpers - null
21:54:01.615 [ApplicationImpl pooled thread 7] INFO  c.b.l.BrowserStackRunExtension - Agent path: null
22:10:11.004 [ApplicationImpl pooled thread 26] INFO  c.b.l.BrowserStackRunExtension - testng
22:10:11.004 [ApplicationImpl pooled thread 26] INFO  com.browserstack.utils.Helpers - null
22:10:11.005 [ApplicationImpl pooled thread 26] INFO  c.b.l.BrowserStackRunExtension - Agent path: null
22:11:05.752 [ApplicationImpl pooled thread 34] INFO  c.b.l.BrowserStackRunExtension - testng
22:11:05.752 [ApplicationImpl pooled thread 34] INFO  com.browserstack.utils.Helpers - null
22:11:05.752 [ApplicationImpl pooled thread 34] INFO  c.b.l.BrowserStackRunExtension - Agent path: null
22:15:02.835 [ApplicationImpl pooled thread 32] INFO  c.b.l.BrowserStackRunExtension - testng
22:15:02.835 [ApplicationImpl pooled thread 32] INFO  com.browserstack.utils.Helpers - null
22:15:02.835 [ApplicationImpl pooled thread 32] INFO  c.b.l.BrowserStackRunExtension - Agent path: null
22:18:19.926 [ApplicationImpl pooled thread 31] INFO  c.b.l.BrowserStackRunExtension - testng
22:18:19.926 [ApplicationImpl pooled thread 31] INFO  com.browserstack.utils.Helpers - null
22:18:19.927 [ApplicationImpl pooled thread 31] INFO  c.b.l.BrowserStackRunExtension - Agent path: null
11:16:36.424 [ApplicationImpl pooled thread 15] INFO  c.b.l.BrowserStackRunExtension - testng
11:16:36.440 [ApplicationImpl pooled thread 15] INFO  com.browserstack.utils.Helpers - null
11:16:36.440 [ApplicationImpl pooled thread 15] INFO  c.b.l.BrowserStackRunExtension - Agent path: null
11:25:35.154 [ApplicationImpl pooled thread 29] INFO  c.b.l.BrowserStackRunExtension - testng
11:25:35.154 [ApplicationImpl pooled thread 29] INFO  com.browserstack.utils.Helpers - null
11:25:35.154 [ApplicationImpl pooled thread 29] INFO  c.b.l.BrowserStackRunExtension - Agent path: null
08:59:35.229 [ApplicationImpl pooled thread 12] INFO  c.b.l.BrowserStackRunExtension - testng
08:59:35.231 [ApplicationImpl pooled thread 12] INFO  com.browserstack.utils.Helpers - null
08:59:35.231 [ApplicationImpl pooled thread 12] INFO  c.b.l.BrowserStackRunExtension - Agent path: null
09:04:21.003 [ApplicationImpl pooled thread 21] INFO  c.b.l.BrowserStackRunExtension - testng
09:04:21.003 [ApplicationImpl pooled thread 21] INFO  com.browserstack.utils.Helpers - null
09:04:21.003 [ApplicationImpl pooled thread 21] INFO  c.b.l.BrowserStackRunExtension - Agent path: null
09:08:38.860 [ApplicationImpl pooled thread 30] INFO  c.b.l.BrowserStackRunExtension - testng
09:08:38.860 [ApplicationImpl pooled thread 30] INFO  com.browserstack.utils.Helpers - null
09:08:38.863 [ApplicationImpl pooled thread 30] INFO  c.b.l.BrowserStackRunExtension - Agent path: null
09:10:15.192 [ApplicationImpl pooled thread 36] INFO  c.b.l.BrowserStackRunExtension - testng
09:10:15.192 [ApplicationImpl pooled thread 36] INFO  com.browserstack.utils.Helpers - null
09:10:15.192 [ApplicationImpl pooled thread 36] INFO  c.b.l.BrowserStackRunExtension - Agent path: null
09:22:57.541 [ApplicationImpl pooled thread 25] INFO  c.b.l.BrowserStackRunExtension - testng
09:22:57.541 [ApplicationImpl pooled thread 25] INFO  com.browserstack.utils.Helpers - null
09:22:57.541 [ApplicationImpl pooled thread 25] INFO  c.b.l.BrowserStackRunExtension - Agent path: null
09:25:03.371 [ApplicationImpl pooled thread 48] INFO  c.b.l.BrowserStackRunExtension - testng
09:25:03.371 [ApplicationImpl pooled thread 48] INFO  com.browserstack.utils.Helpers - null
09:25:03.371 [ApplicationImpl pooled thread 48] INFO  c.b.l.BrowserStackRunExtension - Agent path: null
09:26:35.770 [ApplicationImpl pooled thread 52] INFO  c.b.l.BrowserStackRunExtension - testng
09:26:35.770 [ApplicationImpl pooled thread 52] INFO  com.browserstack.utils.Helpers - null
09:26:35.770 [ApplicationImpl pooled thread 52] INFO  c.b.l.BrowserStackRunExtension - Agent path: null
09:27:34.071 [ApplicationImpl pooled thread 53] INFO  c.b.l.BrowserStackRunExtension - testng
09:27:34.071 [ApplicationImpl pooled thread 53] INFO  com.browserstack.utils.Helpers - null
09:27:34.086 [ApplicationImpl pooled thread 53] INFO  c.b.l.BrowserStackRunExtension - Agent path: null
09:28:00.774 [ApplicationImpl pooled thread 54] INFO  c.b.l.BrowserStackRunExtension - testng
09:28:00.774 [ApplicationImpl pooled thread 54] INFO  com.browserstack.utils.Helpers - null
09:28:00.774 [ApplicationImpl pooled thread 54] INFO  c.b.l.BrowserStackRunExtension - Agent path: null
09:40:55.350 [ApplicationImpl pooled thread 62] INFO  c.b.l.BrowserStackRunExtension - testng
09:40:55.350 [ApplicationImpl pooled thread 62] INFO  com.browserstack.utils.Helpers - null
09:40:55.352 [ApplicationImpl pooled thread 62] INFO  c.b.l.BrowserStackRunExtension - Agent path: null
09:42:07.713 [ApplicationImpl pooled thread 48] INFO  c.b.l.BrowserStackRunExtension - testng
09:42:07.713 [ApplicationImpl pooled thread 48] INFO  com.browserstack.utils.Helpers - null
09:42:07.713 [ApplicationImpl pooled thread 48] INFO  c.b.l.BrowserStackRunExtension - Agent path: null
09:44:15.605 [ApplicationImpl pooled thread 69] INFO  c.b.l.BrowserStackRunExtension - testng
09:44:15.605 [ApplicationImpl pooled thread 69] INFO  com.browserstack.utils.Helpers - null
09:44:15.620 [ApplicationImpl pooled thread 69] INFO  c.b.l.BrowserStackRunExtension - Agent path: null
09:44:57.984 [ApplicationImpl pooled thread 69] INFO  c.b.l.BrowserStackRunExtension - testng
09:44:57.985 [ApplicationImpl pooled thread 69] INFO  com.browserstack.utils.Helpers - null
09:44:57.994 [ApplicationImpl pooled thread 69] INFO  c.b.l.BrowserStackRunExtension - Agent path: null
09:45:29.322 [ApplicationImpl pooled thread 64] INFO  c.b.l.BrowserStackRunExtension - testng
09:45:29.322 [ApplicationImpl pooled thread 64] INFO  com.browserstack.utils.Helpers - null
09:45:29.338 [ApplicationImpl pooled thread 64] INFO  c.b.l.BrowserStackRunExtension - Agent path: null
10:05:10.031 [ApplicationImpl pooled thread 101] INFO  c.b.l.BrowserStackRunExtension - testng
10:05:10.036 [ApplicationImpl pooled thread 101] INFO  com.browserstack.utils.Helpers - null
10:05:10.036 [ApplicationImpl pooled thread 101] INFO  c.b.l.BrowserStackRunExtension - Agent path: null
18:45:39.856 [ApplicationImpl pooled thread 16] INFO  c.b.l.BrowserStackRunExtension - testng
18:45:39.857 [ApplicationImpl pooled thread 16] INFO  com.browserstack.utils.Helpers - null
18:45:39.857 [ApplicationImpl pooled thread 16] INFO  c.b.l.BrowserStackRunExtension - Agent path: null
18:50:18.035 [ApplicationImpl pooled thread 2] INFO  c.b.l.BrowserStackRunExtension - testng
18:50:18.035 [ApplicationImpl pooled thread 2] INFO  com.browserstack.utils.Helpers - null
18:50:18.035 [ApplicationImpl pooled thread 2] INFO  c.b.l.BrowserStackRunExtension - Agent path: null
18:50:37.345 [ApplicationImpl pooled thread 20] INFO  c.b.l.BrowserStackRunExtension - testng
18:50:37.345 [ApplicationImpl pooled thread 20] INFO  com.browserstack.utils.Helpers - null
18:50:37.345 [ApplicationImpl pooled thread 20] INFO  c.b.l.BrowserStackRunExtension - Agent path: null
18:51:23.282 [ApplicationImpl pooled thread 20] INFO  c.b.l.BrowserStackRunExtension - testng
18:51:23.282 [ApplicationImpl pooled thread 20] INFO  com.browserstack.utils.Helpers - null
18:51:23.282 [ApplicationImpl pooled thread 20] INFO  c.b.l.BrowserStackRunExtension - Agent path: null
18:53:46.911 [ApplicationImpl pooled thread 20] INFO  c.b.l.BrowserStackRunExtension - testng
18:53:46.911 [ApplicationImpl pooled thread 20] INFO  com.browserstack.utils.Helpers - null
18:53:46.911 [ApplicationImpl pooled thread 20] INFO  c.b.l.BrowserStackRunExtension - Agent path: null
19:02:57.416 [ApplicationImpl pooled thread 32] INFO  c.b.l.BrowserStackRunExtension - testng
19:02:57.416 [ApplicationImpl pooled thread 32] INFO  com.browserstack.utils.Helpers - null
19:02:57.423 [ApplicationImpl pooled thread 32] INFO  c.b.l.BrowserStackRunExtension - Agent path: null
20:35:48.431 [ApplicationImpl pooled thread 34] INFO  c.b.l.BrowserStackRunExtension - testng
20:35:48.436 [ApplicationImpl pooled thread 34] INFO  com.browserstack.utils.Helpers - null
20:35:48.452 [ApplicationImpl pooled thread 34] INFO  c.b.l.BrowserStackRunExtension - Agent path: null
20:46:58.192 [ApplicationImpl pooled thread 38] INFO  c.b.l.BrowserStackRunExtension - testng
20:46:58.192 [ApplicationImpl pooled thread 38] INFO  com.browserstack.utils.Helpers - null
20:46:58.192 [ApplicationImpl pooled thread 38] INFO  c.b.l.BrowserStackRunExtension - Agent path: null
20:48:34.121 [ApplicationImpl pooled thread 40] INFO  c.b.l.BrowserStackRunExtension - testng
20:48:34.121 [ApplicationImpl pooled thread 40] INFO  com.browserstack.utils.Helpers - null
20:48:34.121 [ApplicationImpl pooled thread 40] INFO  c.b.l.BrowserStackRunExtension - Agent path: null
20:49:31.274 [ApplicationImpl pooled thread 42] INFO  c.b.l.BrowserStackRunExtension - testng
20:49:31.274 [ApplicationImpl pooled thread 42] INFO  com.browserstack.utils.Helpers - null
20:49:31.274 [ApplicationImpl pooled thread 42] INFO  c.b.l.BrowserStackRunExtension - Agent path: null
20:52:10.168 [ApplicationImpl pooled thread 42] INFO  c.b.l.BrowserStackRunExtension - testng
20:52:10.168 [ApplicationImpl pooled thread 42] INFO  com.browserstack.utils.Helpers - null
20:52:10.168 [ApplicationImpl pooled thread 42] INFO  c.b.l.BrowserStackRunExtension - Agent path: null
20:53:09.389 [ApplicationImpl pooled thread 47] INFO  c.b.l.BrowserStackRunExtension - testng
20:53:09.389 [ApplicationImpl pooled thread 47] INFO  com.browserstack.utils.Helpers - null
20:53:09.405 [ApplicationImpl pooled thread 47] INFO  c.b.l.BrowserStackRunExtension - Agent path: null
20:54:24.788 [ApplicationImpl pooled thread 47] INFO  c.b.l.BrowserStackRunExtension - testng
20:54:24.788 [ApplicationImpl pooled thread 47] INFO  com.browserstack.utils.Helpers - null
20:54:24.788 [ApplicationImpl pooled thread 47] INFO  c.b.l.BrowserStackRunExtension - Agent path: null
20:55:56.193 [ApplicationImpl pooled thread 52] INFO  c.b.l.BrowserStackRunExtension - testng
20:55:56.193 [ApplicationImpl pooled thread 52] INFO  com.browserstack.utils.Helpers - null
20:55:56.208 [ApplicationImpl pooled thread 52] INFO  c.b.l.BrowserStackRunExtension - Agent path: null
23:35:22.958 [ApplicationImpl pooled thread 71] INFO  c.b.l.BrowserStackRunExtension - testng
23:35:22.958 [ApplicationImpl pooled thread 71] INFO  com.browserstack.utils.Helpers - null
23:35:22.965 [ApplicationImpl pooled thread 71] INFO  c.b.l.BrowserStackRunExtension - Agent path: null
17:58:40.891 [ApplicationImpl pooled thread 15] INFO  c.b.l.BrowserStackRunExtension - testng
17:58:40.891 [ApplicationImpl pooled thread 15] INFO  com.browserstack.utils.Helpers - null
17:58:40.891 [ApplicationImpl pooled thread 15] INFO  c.b.l.BrowserStackRunExtension - Agent path: null
18:00:01.875 [ApplicationImpl pooled thread 16] INFO  c.b.l.BrowserStackRunExtension - testng
18:00:01.875 [ApplicationImpl pooled thread 16] INFO  com.browserstack.utils.Helpers - null
18:00:01.890 [ApplicationImpl pooled thread 16] INFO  c.b.l.BrowserStackRunExtension - Agent path: null
18:00:48.560 [ApplicationImpl pooled thread 2] INFO  c.b.l.BrowserStackRunExtension - testng
18:00:48.560 [ApplicationImpl pooled thread 2] INFO  com.browserstack.utils.Helpers - null
18:00:48.560 [ApplicationImpl pooled thread 2] INFO  c.b.l.BrowserStackRunExtension - Agent path: null
18:15:59.705 [ApplicationImpl pooled thread 26] INFO  c.b.l.BrowserStackRunExtension - testng
18:15:59.705 [ApplicationImpl pooled thread 26] INFO  com.browserstack.utils.Helpers - null
18:15:59.705 [ApplicationImpl pooled thread 26] INFO  c.b.l.BrowserStackRunExtension - Agent path: null
10:27:20.587 [ApplicationImpl pooled thread 112] INFO  c.b.l.BrowserStackRunExtension - testng
10:27:20.587 [ApplicationImpl pooled thread 112] INFO  com.browserstack.utils.Helpers - null
10:27:20.587 [ApplicationImpl pooled thread 112] INFO  c.b.l.BrowserStackRunExtension - Agent path: null
10:31:10.960 [ApplicationImpl pooled thread 113] INFO  c.b.l.BrowserStackRunExtension - testng
10:31:10.960 [ApplicationImpl pooled thread 113] INFO  com.browserstack.utils.Helpers - null
10:31:10.961 [ApplicationImpl pooled thread 113] INFO  c.b.l.BrowserStackRunExtension - Agent path: null
10:32:45.370 [ApplicationImpl pooled thread 117] INFO  c.b.l.BrowserStackRunExtension - testng
10:32:45.370 [ApplicationImpl pooled thread 117] INFO  com.browserstack.utils.Helpers - null
10:32:45.370 [ApplicationImpl pooled thread 117] INFO  c.b.l.BrowserStackRunExtension - Agent path: null
10:36:19.444 [ApplicationImpl pooled thread 118] INFO  c.b.l.BrowserStackRunExtension - testng
10:36:19.444 [ApplicationImpl pooled thread 118] INFO  com.browserstack.utils.Helpers - null
10:36:19.444 [ApplicationImpl pooled thread 118] INFO  c.b.l.BrowserStackRunExtension - Agent path: null
11:03:54.813 [ApplicationImpl pooled thread 127] INFO  c.b.l.BrowserStackRunExtension - testng
11:03:54.814 [ApplicationImpl pooled thread 127] INFO  com.browserstack.utils.Helpers - null
11:03:54.814 [ApplicationImpl pooled thread 127] INFO  c.b.l.BrowserStackRunExtension - Agent path: null
11:04:46.070 [ApplicationImpl pooled thread 128] INFO  c.b.l.BrowserStackRunExtension - testng
11:04:46.070 [ApplicationImpl pooled thread 128] INFO  com.browserstack.utils.Helpers - null
11:04:46.086 [ApplicationImpl pooled thread 128] INFO  c.b.l.BrowserStackRunExtension - Agent path: null
11:15:24.866 [ApplicationImpl pooled thread 132] INFO  c.b.l.BrowserStackRunExtension - testng
11:15:24.866 [ApplicationImpl pooled thread 132] INFO  com.browserstack.utils.Helpers - null
11:15:24.866 [ApplicationImpl pooled thread 132] INFO  c.b.l.BrowserStackRunExtension - Agent path: null
11:18:31.977 [ApplicationImpl pooled thread 132] INFO  c.b.l.BrowserStackRunExtension - testng
11:18:31.977 [ApplicationImpl pooled thread 132] INFO  com.browserstack.utils.Helpers - null
11:18:31.979 [ApplicationImpl pooled thread 132] INFO  c.b.l.BrowserStackRunExtension - Agent path: null
11:25:21.098 [ApplicationImpl pooled thread 135] INFO  c.b.l.BrowserStackRunExtension - testng
11:25:21.098 [ApplicationImpl pooled thread 135] INFO  com.browserstack.utils.Helpers - null
11:25:21.098 [ApplicationImpl pooled thread 135] INFO  c.b.l.BrowserStackRunExtension - Agent path: null
11:25:33.423 [ApplicationImpl pooled thread 135] INFO  c.b.l.BrowserStackRunExtension - testng
11:25:33.423 [ApplicationImpl pooled thread 135] INFO  com.browserstack.utils.Helpers - null
11:25:33.426 [ApplicationImpl pooled thread 135] INFO  c.b.l.BrowserStackRunExtension - Agent path: null
11:27:57.146 [ApplicationImpl pooled thread 135] INFO  c.b.l.BrowserStackRunExtension - testng
11:27:57.146 [ApplicationImpl pooled thread 135] INFO  com.browserstack.utils.Helpers - null
11:27:57.146 [ApplicationImpl pooled thread 135] INFO  c.b.l.BrowserStackRunExtension - Agent path: null
11:47:09.479 [ApplicationImpl pooled thread 155] INFO  c.b.l.BrowserStackRunExtension - testng
11:47:09.479 [ApplicationImpl pooled thread 155] INFO  com.browserstack.utils.Helpers - null
11:47:09.481 [ApplicationImpl pooled thread 155] INFO  c.b.l.BrowserStackRunExtension - Agent path: null
11:47:24.220 [ApplicationImpl pooled thread 150] INFO  c.b.l.BrowserStackRunExtension - testng
11:47:24.220 [ApplicationImpl pooled thread 150] INFO  com.browserstack.utils.Helpers - null
11:47:24.222 [ApplicationImpl pooled thread 150] INFO  c.b.l.BrowserStackRunExtension - Agent path: null
15:21:47.318 [ApplicationImpl pooled thread 18] INFO  c.b.l.BrowserStackRunExtension - testng
15:21:47.320 [ApplicationImpl pooled thread 18] INFO  com.browserstack.utils.Helpers - null
15:21:47.321 [ApplicationImpl pooled thread 18] INFO  c.b.l.BrowserStackRunExtension - Agent path: null
15:22:18.785 [ApplicationImpl pooled thread 17] INFO  c.b.l.BrowserStackRunExtension - testng
15:22:18.785 [ApplicationImpl pooled thread 17] INFO  com.browserstack.utils.Helpers - null
15:22:18.786 [ApplicationImpl pooled thread 17] INFO  c.b.l.BrowserStackRunExtension - Agent path: null
15:27:14.938 [ApplicationImpl pooled thread 19] INFO  c.b.l.BrowserStackRunExtension - testng
15:27:14.938 [ApplicationImpl pooled thread 19] INFO  com.browserstack.utils.Helpers - null
15:27:14.938 [ApplicationImpl pooled thread 19] INFO  c.b.l.BrowserStackRunExtension - Agent path: null
15:27:24.197 [ApplicationImpl pooled thread 21] INFO  c.b.l.BrowserStackRunExtension - testng
15:27:24.197 [ApplicationImpl pooled thread 21] INFO  com.browserstack.utils.Helpers - null
15:27:24.198 [ApplicationImpl pooled thread 21] INFO  c.b.l.BrowserStackRunExtension - Agent path: null
15:28:43.182 [ApplicationImpl pooled thread 23] INFO  c.b.l.BrowserStackRunExtension - testng
15:28:43.182 [ApplicationImpl pooled thread 23] INFO  com.browserstack.utils.Helpers - null
15:28:43.183 [ApplicationImpl pooled thread 23] INFO  c.b.l.BrowserStackRunExtension - Agent path: null
15:33:34.785 [ApplicationImpl pooled thread 23] INFO  c.b.l.BrowserStackRunExtension - testng
15:33:34.785 [ApplicationImpl pooled thread 23] INFO  com.browserstack.utils.Helpers - null
15:33:34.786 [ApplicationImpl pooled thread 23] INFO  c.b.l.BrowserStackRunExtension - Agent path: null
15:33:48.822 [ApplicationImpl pooled thread 26] INFO  c.b.l.BrowserStackRunExtension - testng
15:33:48.822 [ApplicationImpl pooled thread 26] INFO  com.browserstack.utils.Helpers - null
15:33:48.822 [ApplicationImpl pooled thread 26] INFO  c.b.l.BrowserStackRunExtension - Agent path: null
15:53:12.378 [ApplicationImpl pooled thread 37] INFO  c.b.l.BrowserStackRunExtension - testng
15:53:12.378 [ApplicationImpl pooled thread 37] INFO  com.browserstack.utils.Helpers - null
15:53:12.378 [ApplicationImpl pooled thread 37] INFO  c.b.l.BrowserStackRunExtension - Agent path: null
15:53:52.681 [ApplicationImpl pooled thread 49] INFO  c.b.l.BrowserStackRunExtension - testng
15:53:52.682 [ApplicationImpl pooled thread 49] INFO  com.browserstack.utils.Helpers - null
15:53:52.682 [ApplicationImpl pooled thread 49] INFO  c.b.l.BrowserStackRunExtension - Agent path: null
16:08:55.380 [ApplicationImpl pooled thread 59] INFO  c.b.l.BrowserStackRunExtension - testng
16:08:55.380 [ApplicationImpl pooled thread 59] INFO  com.browserstack.utils.Helpers - null
16:08:55.396 [ApplicationImpl pooled thread 59] INFO  c.b.l.BrowserStackRunExtension - Agent path: null
16:09:36.676 [ApplicationImpl pooled thread 60] INFO  c.b.l.BrowserStackRunExtension - testng
16:09:36.676 [ApplicationImpl pooled thread 60] INFO  com.browserstack.utils.Helpers - null
16:09:36.676 [ApplicationImpl pooled thread 60] INFO  c.b.l.BrowserStackRunExtension - Agent path: null
16:34:49.192 [ApplicationImpl pooled thread 72] INFO  c.b.l.BrowserStackRunExtension - testng
16:34:49.192 [ApplicationImpl pooled thread 72] INFO  com.browserstack.utils.Helpers - null
16:34:49.193 [ApplicationImpl pooled thread 72] INFO  c.b.l.BrowserStackRunExtension - Agent path: null
16:51:01.163 [ApplicationImpl pooled thread 90] INFO  c.b.l.BrowserStackRunExtension - testng
16:51:01.163 [ApplicationImpl pooled thread 90] INFO  com.browserstack.utils.Helpers - null
16:51:01.163 [ApplicationImpl pooled thread 90] INFO  c.b.l.BrowserStackRunExtension - Agent path: null
16:52:23.049 [ApplicationImpl pooled thread 96] INFO  c.b.l.BrowserStackRunExtension - testng
16:52:23.049 [ApplicationImpl pooled thread 96] INFO  com.browserstack.utils.Helpers - null
16:52:23.049 [ApplicationImpl pooled thread 96] INFO  c.b.l.BrowserStackRunExtension - Agent path: null
16:53:52.240 [ApplicationImpl pooled thread 96] INFO  c.b.l.BrowserStackRunExtension - testng
16:53:52.240 [ApplicationImpl pooled thread 96] INFO  com.browserstack.utils.Helpers - null
16:53:52.242 [ApplicationImpl pooled thread 96] INFO  c.b.l.BrowserStackRunExtension - Agent path: null
17:38:30.356 [AWT-EventQueue-0] INFO  c.b.actions.DisableBrowserStack - Setting disable browserstack run update
17:38:30.368 [AWT-EventQueue-0] INFO  c.b.actions.EnableBrowserStack - Setting enable browserstack run update
17:43:10.281 [ApplicationImpl pooled thread 133] INFO  c.b.l.BrowserStackRunExtension - testng
17:43:10.283 [ApplicationImpl pooled thread 133] INFO  com.browserstack.utils.Helpers - null
17:43:10.284 [ApplicationImpl pooled thread 133] INFO  c.b.l.BrowserStackRunExtension - Agent path: null
17:50:37.950 [ApplicationImpl pooled thread 147] INFO  c.b.l.BrowserStackRunExtension - testng
17:50:37.950 [ApplicationImpl pooled thread 147] INFO  com.browserstack.utils.Helpers - null
17:50:37.950 [ApplicationImpl pooled thread 147] INFO  c.b.l.BrowserStackRunExtension - Agent path: null
17:56:11.623 [ApplicationImpl pooled thread 159] INFO  c.b.l.BrowserStackRunExtension - testng
17:56:11.623 [ApplicationImpl pooled thread 159] INFO  com.browserstack.utils.Helpers - null
17:56:11.623 [ApplicationImpl pooled thread 159] INFO  c.b.l.BrowserStackRunExtension - Agent path: null
23:40:40.755 [ApplicationImpl pooled thread 56] INFO  c.b.l.BrowserStackRunExtension - testng
23:40:40.755 [ApplicationImpl pooled thread 56] INFO  com.browserstack.utils.Helpers - null
23:40:40.755 [ApplicationImpl pooled thread 56] INFO  c.b.l.BrowserStackRunExtension - Agent path: null
23:51:19.890 [ApplicationImpl pooled thread 61] INFO  c.b.l.BrowserStackRunExtension - testng
23:51:19.890 [ApplicationImpl pooled thread 61] INFO  com.browserstack.utils.Helpers - null
23:51:19.890 [ApplicationImpl pooled thread 61] INFO  c.b.l.BrowserStackRunExtension - Agent path: null
23:52:05.503 [ApplicationImpl pooled thread 75] INFO  c.b.l.BrowserStackRunExtension - testng
23:52:05.503 [ApplicationImpl pooled thread 75] INFO  com.browserstack.utils.Helpers - null
23:52:05.503 [ApplicationImpl pooled thread 75] INFO  c.b.l.BrowserStackRunExtension - Agent path: null
23:52:49.345 [ApplicationImpl pooled thread 61] INFO  c.b.l.BrowserStackRunExtension - testng
23:52:49.345 [ApplicationImpl pooled thread 61] INFO  com.browserstack.utils.Helpers - null
23:52:49.345 [ApplicationImpl pooled thread 61] INFO  c.b.l.BrowserStackRunExtension - Agent path: null
23:53:48.791 [ApplicationImpl pooled thread 77] INFO  c.b.l.BrowserStackRunExtension - testng
23:53:48.791 [ApplicationImpl pooled thread 77] INFO  com.browserstack.utils.Helpers - null
23:53:48.791 [ApplicationImpl pooled thread 77] INFO  c.b.l.BrowserStackRunExtension - Agent path: null
23:54:07.265 [ApplicationImpl pooled thread 75] INFO  c.b.l.BrowserStackRunExtension - testng
23:54:07.265 [ApplicationImpl pooled thread 75] INFO  com.browserstack.utils.Helpers - null
23:54:07.280 [ApplicationImpl pooled thread 75] INFO  c.b.l.BrowserStackRunExtension - Agent path: null
23:56:33.649 [ApplicationImpl pooled thread 71] INFO  c.b.l.BrowserStackRunExtension - testng
23:56:33.649 [ApplicationImpl pooled thread 71] INFO  com.browserstack.utils.Helpers - null
23:56:33.649 [ApplicationImpl pooled thread 71] INFO  c.b.l.BrowserStackRunExtension - Agent path: null
23:58:38.152 [ApplicationImpl pooled thread 77] INFO  c.b.l.BrowserStackRunExtension - testng
23:58:38.153 [ApplicationImpl pooled thread 77] INFO  com.browserstack.utils.Helpers - null
23:58:38.153 [ApplicationImpl pooled thread 77] INFO  c.b.l.BrowserStackRunExtension - Agent path: null
23:59:06.333 [ApplicationImpl pooled thread 83] INFO  c.b.l.BrowserStackRunExtension - testng
23:59:06.334 [ApplicationImpl pooled thread 83] INFO  com.browserstack.utils.Helpers - null
23:59:06.335 [ApplicationImpl pooled thread 83] INFO  c.b.l.BrowserStackRunExtension - Agent path: null
21:37:59.347 [ApplicationImpl pooled thread 61] INFO  c.b.l.BrowserStackRunExtension - testng
21:37:59.350 [ApplicationImpl pooled thread 61] INFO  com.browserstack.utils.Helpers - null
21:37:59.353 [ApplicationImpl pooled thread 61] INFO  c.b.l.BrowserStackRunExtension - Agent path: null
21:39:07.557 [ApplicationImpl pooled thread 61] INFO  c.b.l.BrowserStackRunExtension - testng
21:39:07.557 [ApplicationImpl pooled thread 61] INFO  com.browserstack.utils.Helpers - null
21:39:07.561 [ApplicationImpl pooled thread 61] INFO  c.b.l.BrowserStackRunExtension - Agent path: null
21:39:33.563 [ApplicationImpl pooled thread 66] INFO  c.b.l.BrowserStackRunExtension - testng
21:39:33.563 [ApplicationImpl pooled thread 66] INFO  com.browserstack.utils.Helpers - null
21:39:33.564 [ApplicationImpl pooled thread 66] INFO  c.b.l.BrowserStackRunExtension - Agent path: null
21:42:37.790 [ApplicationImpl pooled thread 65] INFO  c.b.l.BrowserStackRunExtension - testng
21:42:37.790 [ApplicationImpl pooled thread 65] INFO  com.browserstack.utils.Helpers - null
21:42:37.791 [ApplicationImpl pooled thread 65] INFO  c.b.l.BrowserStackRunExtension - Agent path: null
23:45:11.206 [ApplicationImpl pooled thread 110] INFO  c.b.l.BrowserStackRunExtension - testng
23:45:11.206 [ApplicationImpl pooled thread 110] INFO  com.browserstack.utils.Helpers - null
23:45:11.206 [ApplicationImpl pooled thread 110] INFO  c.b.l.BrowserStackRunExtension - Agent path: null
23:47:54.793 [ApplicationImpl pooled thread 119] INFO  c.b.l.BrowserStackRunExtension - testng
23:47:54.793 [ApplicationImpl pooled thread 119] INFO  com.browserstack.utils.Helpers - null
23:47:54.793 [ApplicationImpl pooled thread 119] INFO  c.b.l.BrowserStackRunExtension - Agent path: null
23:51:03.095 [ApplicationImpl pooled thread 120] INFO  c.b.l.BrowserStackRunExtension - testng
23:51:03.095 [ApplicationImpl pooled thread 120] INFO  com.browserstack.utils.Helpers - null
23:51:03.095 [ApplicationImpl pooled thread 120] INFO  c.b.l.BrowserStackRunExtension - Agent path: null
23:54:27.672 [ApplicationImpl pooled thread 124] INFO  c.b.l.BrowserStackRunExtension - testng
23:54:27.672 [ApplicationImpl pooled thread 124] INFO  com.browserstack.utils.Helpers - null
23:54:27.672 [ApplicationImpl pooled thread 124] INFO  c.b.l.BrowserStackRunExtension - Agent path: null
23:54:59.828 [ApplicationImpl pooled thread 126] INFO  c.b.l.BrowserStackRunExtension - testng
23:54:59.828 [ApplicationImpl pooled thread 126] INFO  com.browserstack.utils.Helpers - null
23:54:59.829 [ApplicationImpl pooled thread 126] INFO  c.b.l.BrowserStackRunExtension - Agent path: null
00:00:48.573 [ApplicationImpl pooled thread 124] INFO  c.b.l.BrowserStackRunExtension - testng
00:00:48.573 [ApplicationImpl pooled thread 124] INFO  com.browserstack.utils.Helpers - null
00:00:48.574 [ApplicationImpl pooled thread 124] INFO  c.b.l.BrowserStackRunExtension - Agent path: null
00:01:24.427 [ApplicationImpl pooled thread 131] INFO  c.b.l.BrowserStackRunExtension - testng
00:01:24.427 [ApplicationImpl pooled thread 131] INFO  com.browserstack.utils.Helpers - null
00:01:24.429 [ApplicationImpl pooled thread 131] INFO  c.b.l.BrowserStackRunExtension - Agent path: null
00:02:03.646 [ApplicationImpl pooled thread 133] INFO  c.b.l.BrowserStackRunExtension - testng
00:02:03.646 [ApplicationImpl pooled thread 133] INFO  com.browserstack.utils.Helpers - null
00:02:03.648 [ApplicationImpl pooled thread 133] INFO  c.b.l.BrowserStackRunExtension - Agent path: null
00:11:54.132 [ApplicationImpl pooled thread 131] INFO  c.b.l.BrowserStackRunExtension - testng
00:11:54.132 [ApplicationImpl pooled thread 131] INFO  com.browserstack.utils.Helpers - null
00:11:54.133 [ApplicationImpl pooled thread 131] INFO  c.b.l.BrowserStackRunExtension - Agent path: null
00:16:36.001 [ApplicationImpl pooled thread 141] INFO  c.b.l.BrowserStackRunExtension - testng
00:16:36.001 [ApplicationImpl pooled thread 141] INFO  com.browserstack.utils.Helpers - null
00:16:36.001 [ApplicationImpl pooled thread 141] INFO  c.b.l.BrowserStackRunExtension - Agent path: null
00:17:53.683 [ApplicationImpl pooled thread 146] INFO  c.b.l.BrowserStackRunExtension - testng
00:17:53.683 [ApplicationImpl pooled thread 146] INFO  com.browserstack.utils.Helpers - null
00:17:53.685 [ApplicationImpl pooled thread 146] INFO  c.b.l.BrowserStackRunExtension - Agent path: null
00:20:43.861 [ApplicationImpl pooled thread 149] INFO  c.b.l.BrowserStackRunExtension - testng
00:20:43.861 [ApplicationImpl pooled thread 149] INFO  com.browserstack.utils.Helpers - null
00:20:43.862 [ApplicationImpl pooled thread 149] INFO  c.b.l.BrowserStackRunExtension - Agent path: null
00:45:40.845 [ApplicationImpl pooled thread 10] INFO  c.b.l.BrowserStackRunExtension - testng
00:45:40.854 [ApplicationImpl pooled thread 10] INFO  com.browserstack.utils.Helpers - null
00:45:40.854 [ApplicationImpl pooled thread 10] INFO  c.b.l.BrowserStackRunExtension - Agent path: null
11:00:33.632 [ApplicationImpl pooled thread 26] INFO  c.b.l.BrowserStackRunExtension - testng
11:00:33.632 [ApplicationImpl pooled thread 26] INFO  com.browserstack.utils.Helpers - null
11:00:33.632 [ApplicationImpl pooled thread 26] INFO  c.b.l.BrowserStackRunExtension - Agent path: null
11:01:03.571 [ApplicationImpl pooled thread 25] INFO  c.b.l.BrowserStackRunExtension - testng
11:01:03.571 [ApplicationImpl pooled thread 25] INFO  com.browserstack.utils.Helpers - null
11:01:03.571 [ApplicationImpl pooled thread 25] INFO  c.b.l.BrowserStackRunExtension - Agent path: null
11:46:17.136 [ApplicationImpl pooled thread 58] INFO  c.b.l.BrowserStackRunExtension - testng
11:46:17.136 [ApplicationImpl pooled thread 58] INFO  com.browserstack.utils.Helpers - null
11:46:17.136 [ApplicationImpl pooled thread 58] INFO  c.b.l.BrowserStackRunExtension - Agent path: null
22:13:14.551 [ApplicationImpl pooled thread 2] INFO  c.b.l.BrowserStackRunExtension - testng
22:13:14.551 [ApplicationImpl pooled thread 2] INFO  com.browserstack.utils.Helpers - null
22:13:14.551 [ApplicationImpl pooled thread 2] INFO  c.b.l.BrowserStackRunExtension - Agent path: null
22:15:33.335 [ApplicationImpl pooled thread 43] INFO  c.b.l.BrowserStackRunExtension - testng
22:15:33.335 [ApplicationImpl pooled thread 43] INFO  com.browserstack.utils.Helpers - null
22:15:33.335 [ApplicationImpl pooled thread 43] INFO  c.b.l.BrowserStackRunExtension - Agent path: null
22:39:39.235 [ApplicationImpl pooled thread 68] INFO  c.b.l.BrowserStackRunExtension - testng
22:39:39.235 [ApplicationImpl pooled thread 68] INFO  com.browserstack.utils.Helpers - null
22:39:39.235 [ApplicationImpl pooled thread 68] INFO  c.b.l.BrowserStackRunExtension - Agent path: null
23:01:05.455 [ApplicationImpl pooled thread 99] INFO  c.b.l.BrowserStackRunExtension - testng
23:01:05.455 [ApplicationImpl pooled thread 99] INFO  com.browserstack.utils.Helpers - null
23:01:05.455 [ApplicationImpl pooled thread 99] INFO  c.b.l.BrowserStackRunExtension - Agent path: null
